<?xml version="1.0" encoding="UTF-8" ?>
<testsuite tests="20" failures="0" name="runner.RunSuite" time="0.004" errors="0" skipped="0">
  <properties>
[...]
</properties>
  <testcase classname="Scenario: Verify the delete request send by rest api" name="Given User wants to delete registration by id &quot;987654321&quot;" time="0.001"/>
  <testcase classname="Scenario: Verify the delete request send by rest api" name="Then User should receive &quot;200&quot; as Status code" time="0"/>
  <testcase classname="Scenario: Verify the delete request send by rest api" name="And User should receive following response body" time="0"/>
  <testcase classname="Scenario: Verify the delete request send by rest api" name="And User should receive following response body key and types" time="0"/>
  <testcase classname="Scenario: Verify the delete request send by rest api" name="Scenario: Verify the delete request send by rest api" time="0.001"/>
  <testcase classname="Scenario: User wants to get registration by id" name="Given User requests for registration detail for id &quot;123456789&quot;" time="0"/>
  <testcase classname="Scenario: User wants to get registration by id" name="Then User should receive &quot;200&quot; as Status code" time="0"/>
  <testcase classname="Scenario: User wants to get registration by id" name="And User should receive following response body" time="0"/>
  <testcase classname="Scenario: User wants to get registration by id" name="And User should receive following response body key and types" time="0"/>
  <testcase classname="Scenario: User wants to get registration by id" name="Scenario: User wants to get registration by id" time="0"/>
  <testcase classname="Scenario: Verify the post request send by rest api" name="Given User sends the following parameters as a registration object as a POST request" time="0"/>
  <testcase classname="Scenario: Verify the post request send by rest api" name="Then User should receive &quot;200&quot; as Status code" time="0.001"/>
  <testcase classname="Scenario: Verify the post request send by rest api" name="And User should receive following response body" time="0"/>
  <testcase classname="Scenario: Verify the post request send by rest api" name="And User should receive following response body key and types" time="0"/>
  <testcase classname="Scenario: Verify the post request send by rest api" name="Scenario: Verify the post request send by rest api" time="0"/>
  <testcase classname="Scenario: Verify the put request send by rest api" name="Given User sends the following parameters as a registration object as a PUT request" time="0"/>
  <testcase classname="Scenario: Verify the put request send by rest api" name="Then User should receive &quot;200&quot; as Status code" time="0"/>
  <testcase classname="Scenario: Verify the put request send by rest api" name="And User should receive following response body" time="0"/>
  <testcase classname="Scenario: Verify the put request send by rest api" name="And User should receive following response body key and types" time="0"/>
  <testcase classname="Scenario: Verify the put request send by rest api" name="Scenario: Verify the put request send by rest api" time="0.001"/>
</testsuite>